Base path: C:/Program Files/Unity/Hub/Editor/2019.1.6f1/Editor/Data
Cmd: initializeCompiler
Cmd: preprocess
  insize=9258 outsize=9255 ok=1
Cmd: preprocess
  insize=13814 outsize=11299 ok=1
Cmd: preprocess
  insize=3677 outsize=2778 ok=1
Cmd: preprocess
  insize=15485 outsize=11574 ok=1
Cmd: preprocess
  insize=16227 outsize=12207 ok=1
Cmd: preprocess
  insize=11612 outsize=10476 ok=1
Cmd: preprocess
  insize=14573 outsize=11950 ok=1
Cmd: preprocess
  insize=13799 outsize=11284 ok=1
Cmd: preprocess
  insize=11493 outsize=10402 ok=1
Cmd: preprocess
  insize=15677 outsize=11664 ok=1
Cmd: preprocess
  insize=10254 outsize=10251 ok=1
Cmd: preprocess
  insize=3183 outsize=321 ok=1
Cmd: preprocess
  insize=10455 outsize=10452 ok=1
Cmd: preprocess
  insize=9726 outsize=9723 ok=1
Cmd: preprocess
  insize=15080 outsize=11042 ok=1
Cmd: preprocess
  insize=3375 outsize=2477 ok=1
Cmd: preprocess
  insize=16168 outsize=12157 ok=1
Cmd: preprocess
  insize=3064 outsize=412 ok=1
Cmd: preprocess
  insize=9598 outsize=9595 ok=1
Cmd: preprocess
  insize=14862 outsize=10950 ok=1
Cmd: preprocess
  insize=9833 outsize=9830 ok=1
Cmd: preprocess
  insize=10221 outsize=10218 ok=1
Cmd: preprocess
  insize=9422 outsize=9419 ok=1
Cmd: preprocess
  insize=11074 outsize=897 ok=1
Cmd: preprocess
  insize=2627 outsize=295 ok=1
Cmd: preprocess
  insize=9486 outsize=9483 ok=1
Cmd: preprocess
  insize=10043 outsize=10040 ok=1
Cmd: preprocess
  insize=16040 outsize=12108 ok=1
Cmd: preprocess
  insize=2691 outsize=393 ok=1
Cmd: preprocess
  insize=3146 outsize=2503 ok=1
Cmd: preprocess
  insize=9023 outsize=9020 ok=1
Cmd: preprocess
  insize=10086 outsize=10083 ok=1
Cmd: preprocess
  insize=9030 outsize=9027 ok=1
Cmd: preprocess
  insize=9581 outsize=9578 ok=1
Cmd: preprocess
  insize=13697 outsize=11178 ok=1
Cmd: preprocess
  insize=9991 outsize=9988 ok=1
Cmd: preprocess
  insize=9389 outsize=9386 ok=1
Cmd: preprocess
  insize=15574 outsize=11564 ok=1
Cmd: preprocess
  insize=10983 outsize=10268 ok=1
Cmd: preprocess
  insize=9781 outsize=9778 ok=1
Cmd: preprocess
  insize=15464 outsize=11533 ok=1
Cmd: preprocess
  insize=14497 outsize=11881 ok=1
Cmd: preprocess
  insize=10200 outsize=10197 ok=1
Cmd: preprocess
  insize=2862 outsize=2229 ok=1
Cmd: preprocess
  insize=9512 outsize=9509 ok=1
Cmd: preprocessCompute
  insize=1431 outsize=1435 ok=1
Cmd: preprocess
  insize=9809 outsize=9806 ok=1
Cmd: preprocess
  insize=9843 outsize=9840 ok=1
Cmd: preprocess
  insize=3736 outsize=373 ok=1
Cmd: preprocess
  insize=5962 outsize=1841 ok=1
Cmd: preprocessCompute
  insize=3267 outsize=3273 ok=1
Cmd: preprocess
  insize=16163 outsize=12147 ok=1
Cmd: preprocess
  insize=9757 outsize=9754 ok=1
Cmd: preprocess
  insize=2264 outsize=298 ok=1
Cmd: preprocess
  insize=9518 outsize=9515 ok=1
Cmd: preprocess
  insize=1004 outsize=302 ok=1
Cmd: preprocess
  insize=32239 outsize=1540 ok=1
Cmd: preprocess
  insize=9712 outsize=9709 ok=1
Cmd: preprocess
  insize=9099 outsize=9096 ok=1
Cmd: preprocess
  insize=14556 outsize=11933 ok=1
Cmd: preprocess
  insize=9647 outsize=9644 ok=1
Cmd: preprocess
  insize=2724 outsize=1368 ok=1
Cmd: preprocess
  insize=9589 outsize=9586 ok=1
Cmd: preprocess
  insize=11798 outsize=10662 ok=1
Cmd: preprocess
  insize=7323 outsize=839 ok=1
Cmd: preprocess
  insize=10901 outsize=10142 ok=1
Cmd: preprocess
  insize=2141 outsize=412 ok=1
Cmd: preprocess
  insize=14384 outsize=11849 ok=1
Cmd: preprocess
  insize=10699 outsize=10696 ok=1
Cmd: preprocess
  insize=14285 outsize=11765 ok=1
Cmd: preprocess
  insize=9961 outsize=9958 ok=1
Cmd: preprocess
  insize=983 outsize=298 ok=1
Cmd: preprocess
  insize=10079 outsize=10076 ok=1
Cmd: preprocess
  insize=6814 outsize=496 ok=1
Cmd: preprocess
  insize=9520 outsize=9517 ok=1
Cmd: preprocess
  insize=10070 outsize=10067 ok=1
Cmd: preprocess
  insize=1933 outsize=300 ok=1
Cmd: preprocess
  insize=15956 outsize=12042 ok=1
Cmd: preprocess
  insize=11666 outsize=680 ok=1
Cmd: preprocess
  insize=16244 outsize=12224 ok=1
Cmd: preprocess
  insize=10377 outsize=10374 ok=1
Cmd: preprocess
  insize=9904 outsize=9901 ok=1
Cmd: preprocess
  insize=1726 outsize=1011 ok=1
Cmd: preprocess
  insize=2501 outsize=489 ok=1
Cmd: preprocess
  insize=13990 outsize=11372 ok=1
Cmd: preprocess
  insize=4286 outsize=558 ok=1
Cmd: preprocess
  insize=8864 outsize=8861 ok=1
Cmd: preprocess
  insize=10785 outsize=10070 ok=1
Cmd: preprocess
  insize=9353 outsize=9350 ok=1
Cmd: preprocess
  insize=16055 outsize=12125 ok=1
Cmd: preprocess
  insize=10148 outsize=10145 ok=1
Cmd: preprocess
  insize=13903 outsize=11288 ok=1
Cmd: preprocess
  insize=13174 outsize=10669 ok=1
Cmd: preprocess
  insize=9332 outsize=9329 ok=1
Cmd: preprocess
  insize=9415 outsize=9412 ok=1
Cmd: preprocessCompute
  insize=1522 outsize=1526 ok=1
Cmd: preprocess
  insize=10543 outsize=10540 ok=1
Cmd: preprocess
  insize=9920 outsize=9917 ok=1
Cmd: preprocess
  insize=9835 outsize=9832 ok=1
Cmd: preprocess
  insize=14006 outsize=11388 ok=1
Cmd: preprocess
  insize=5627 outsize=2667 ok=1
Cmd: preprocess
  insize=13985 outsize=11363 ok=1
Cmd: preprocess
  insize=8935 outsize=8932 ok=1
Cmd: preprocess
  insize=9346 outsize=9343 ok=1
Cmd: preprocess
  insize=1715 outsize=368 ok=1
Cmd: preprocess
  insize=14492 outsize=11871 ok=1
Cmd: preprocess
  insize=9092 outsize=9089 ok=1
Cmd: preprocess
  insize=11099 outsize=10340 ok=1
Cmd: preprocess
  insize=9912 outsize=9909 ok=1
Cmd: preprocess
  insize=15948 outsize=12034 ok=1
Cmd: preprocess
  insize=1045 outsize=375 ok=1
Cmd: preprocess
  insize=13384 outsize=10766 ok=1
Cmd: preprocess
  insize=9203 outsize=9200 ok=1
Cmd: preprocess
  insize=10192 outsize=10189 ok=1
Cmd: preprocess
  insize=9458 outsize=9455 ok=1
Cmd: preprocess
  insize=9826 outsize=9823 ok=1
Cmd: preprocess
  insize=15052 outsize=12432 ok=1
Cmd: preprocess
  insize=3437 outsize=244 ok=1
Cmd: preprocess
  insize=10366 outsize=10363 ok=1
Cmd: preprocess
  insize=16723 outsize=12708 ok=1
Cmd: preprocess
  insize=10123 outsize=10120 ok=1
Cmd: preprocess
  insize=10132 outsize=10129 ok=1
Cmd: preprocess
  insize=9325 outsize=9322 ok=1
Cmd: preprocess
  insize=9764 outsize=9761 ok=1
Cmd: preprocessCompute
  insize=2341 outsize=2343 ok=1
Cmd: preprocess
  insize=9643 outsize=9640 ok=1
Cmd: preprocess
  insize=15661 outsize=11648 ok=1
Cmd: preprocess
  insize=10322 outsize=10319 ok=1
Cmd: preprocess
  insize=3433 outsize=1527 ok=1
Cmd: preprocess
  insize=13791 outsize=11256 ok=1
Cmd: preprocess
  insize=9179 outsize=9176 ok=1
Cmd: preprocess
  insize=1978 outsize=955 ok=1
Cmd: preprocess
  insize=14277 outsize=11757 ok=1
Cmd: preprocess
  insize=15356 outsize=11442 ok=1
Cmd: preprocess
  insize=11691 outsize=10600 ok=1
Cmd: preprocess
  insize=9669 outsize=9666 ok=1
Cmd: preprocess
  insize=15471 outsize=11559 ok=1
Cmd: preprocess
  insize=14367 outsize=11832 ok=1
Cmd: preprocess
  insize=15657 outsize=11638 ok=1
Cmd: preprocess
  insize=10155 outsize=10152 ok=1
Cmd: compileSnippet
  api=4 type=0 insize=1186 outsize=1906 kw=UNITY_PASS_FORWARDBASE DIRECTIONAL LIGHTPROBE_SH _IS_PASS_FWDBASE _EMISSIVE_SIMPLE _IS_CLIPPING_MODE pd=UNITY_ENABLE_REFLECTION_BUFFERS UNITY_USE_DITHER_MASK_FOR_ALPHABLENDED_SHADOWS UNITY_PBS_USE_BRDF1 UNITY_SPECCUBE_BOX_PROJECTION UNITY_SPECCUBE_BLENDING UNITY_ENABLE_DETAIL_NORMALMAP SHADER_API_DESKTOP UNITY_COLORSPACE_GAMMA UNITY_LIGHT_PROBE_PROXY_VOLUME UNITY_LIGHTMAP_FULL_HDR ok=1
Cmd: compileSnippet
  api=4 type=1 insize=1186 outsize=13926 kw=UNITY_PASS_FORWARDBASE DIRECTIONAL LIGHTPROBE_SH _IS_PASS_FWDBASE _EMISSIVE_SIMPLE _IS_CLIPPING_MODE pd=UNITY_ENABLE_REFLECTION_BUFFERS UNITY_USE_DITHER_MASK_FOR_ALPHABLENDED_SHADOWS UNITY_PBS_USE_BRDF1 UNITY_SPECCUBE_BOX_PROJECTION UNITY_SPECCUBE_BLENDING UNITY_ENABLE_DETAIL_NORMALMAP SHADER_API_DESKTOP UNITY_COLORSPACE_GAMMA UNITY_LIGHT_PROBE_PROXY_VOLUME UNITY_LIGHTMAP_FULL_HDR ok=1
Cmd: compileSnippet
  api=4 type=0 insize=1105 outsize=1906 kw=UNITY_PASS_FORWARDADD DIRECTIONAL _IS_PASS_FWDDELTA _IS_CLIPPING_MODE pd=UNITY_ENABLE_REFLECTION_BUFFERS UNITY_USE_DITHER_MASK_FOR_ALPHABLENDED_SHADOWS UNITY_PBS_USE_BRDF1 UNITY_SPECCUBE_BOX_PROJECTION UNITY_SPECCUBE_BLENDING UNITY_ENABLE_DETAIL_NORMALMAP SHADER_API_DESKTOP UNITY_COLORSPACE_GAMMA UNITY_LIGHT_PROBE_PROXY_VOLUME UNITY_LIGHTMAP_FULL_HDR ok=1
Cmd: compileSnippet
  api=4 type=1 insize=1105 outsize=5902 kw=UNITY_PASS_FORWARDADD DIRECTIONAL _IS_PASS_FWDDELTA _IS_CLIPPING_MODE pd=UNITY_ENABLE_REFLECTION_BUFFERS UNITY_USE_DITHER_MASK_FOR_ALPHABLENDED_SHADOWS UNITY_PBS_USE_BRDF1 UNITY_SPECCUBE_BOX_PROJECTION UNITY_SPECCUBE_BLENDING UNITY_ENABLE_DETAIL_NORMALMAP SHADER_API_DESKTOP UNITY_COLORSPACE_GAMMA UNITY_LIGHT_PROBE_PROXY_VOLUME UNITY_LIGHTMAP_FULL_HDR ok=1
